1614378527000	geckodriver	INFO	Listening on 127.0.0.1:50232
1614378530023	mozrunner::runner	INFO	Running command: "C:\\Program Files\\Mozilla Firefox\\firefox.exe" "--marionette" "-foreground" "-no-remote" "-profile" "C:\\Users\\HANYI_~1\\AppData\\Local\\Temp\\rust_mozprofileIeqB29"
console.warn: SearchSettings: "get: No settings file exists, new profile?" (new Error("", "(unknown module)"))
1614378531867	Marionette	INFO	Listening on port 50243
1614378532347	Marionette	WARN	TLS certificate errors will be ignored for this session
JavaScript error: , line 0: TypeError: ServiceWorker script at https://www.finishline.com/akam-sw.js for scope https://www.finishline.com/ encountered an error during installation.
1614378565683	Marionette	INFO	Stopped listening on port 50243

###!!! [Child][RunMessage] Error: Channel closing: too late to send/recv, messages will be lost

1614378566324	geckodriver	INFO	Listening on 127.0.0.1:50440
1614378569357	mozrunner::runner	INFO	Running command: "C:\\Program Files\\Mozilla Firefox\\firefox.exe" "--marionette" "-foreground" "-no-remote" "-profile" "C:\\Users\\HANYI_~1\\AppData\\Local\\Temp\\rust_mozprofile6ljaQY"
console.warn: SearchSettings: "get: No settings file exists, new profile?" (new Error("", "(unknown module)"))
1614378571221	Marionette	INFO	Listening on port 50448
1614378571376	Marionette	WARN	TLS certificate errors will be ignored for this session
JavaScript error: , line 0: TypeError: ServiceWorker script at https://www.finishline.com/akam-sw.js for scope https://www.finishline.com/ encountered an error during installation.
1614378604986	Marionette	INFO	Stopped listening on port 50448

###!!! [Child][RunMessage] Error: Channel closing: too late to send/recv, messages will be lost

1614378605686	geckodriver	INFO	Listening on 127.0.0.1:50613
1614378608720	mozrunner::runner	INFO	Running command: "C:\\Program Files\\Mozilla Firefox\\firefox.exe" "--marionette" "-foreground" "-no-remote" "-profile" "C:\\Users\\HANYI_~1\\AppData\\Local\\Temp\\rust_mozprofileCiRF2o"
console.warn: SearchSettings: "get: No settings file exists, new profile?" (new Error("", "(unknown module)"))
1614378610139	Marionette	INFO	Listening on port 50621
1614378610246	Marionette	WARN	TLS certificate errors will be ignored for this session
1614378643625	Marionette	INFO	Stopped listening on port 50621

###!!! [Child][RunMessage] Error: Channel closing: too late to send/recv, messages will be lost

1614378644317	geckodriver	INFO	Listening on 127.0.0.1:50771
1614378647350	mozrunner::runner	INFO	Running command: "C:\\Program Files\\Mozilla Firefox\\firefox.exe" "--marionette" "-foreground" "-no-remote" "-profile" "C:\\Users\\HANYI_~1\\AppData\\Local\\Temp\\rust_mozprofile1DaBoJ"
console.warn: SearchSettings: "get: No settings file exists, new profile?" (new Error("", "(unknown module)"))
1614378648705	Marionette	INFO	Listening on port 50779
1614378648869	Marionette	WARN	TLS certificate errors will be ignored for this session
1614378682557	Marionette	INFO	Stopped listening on port 50779

###!!! [Child][RunMessage] Error: Channel closing: too late to send/recv, messages will be lost

1614378683318	geckodriver	INFO	Listening on 127.0.0.1:50944
1614378686361	mozrunner::runner	INFO	Running command: "C:\\Program Files\\Mozilla Firefox\\firefox.exe" "--marionette" "-foreground" "-no-remote" "-profile" "C:\\Users\\HANYI_~1\\AppData\\Local\\Temp\\rust_mozprofile6eTlbB"
console.warn: SearchSettings: "get: No settings file exists, new profile?" (new Error("", "(unknown module)"))
1614378687739	Marionette	INFO	Listening on port 50953
1614378687878	Marionette	WARN	TLS certificate errors will be ignored for this session
JavaScript error: , line 0: TypeError: ServiceWorker script at https://www.finishline.com/akam-sw.js for scope https://www.finishline.com/ encountered an error during installation.
1614378720976	Marionette	INFO	Stopped listening on port 50953

###!!! [Child][RunMessage] Error: Channel closing: too late to send/recv, messages will be lost

1614378721665	geckodriver	INFO	Listening on 127.0.0.1:51107
1614378724700	mozrunner::runner	INFO	Running command: "C:\\Program Files\\Mozilla Firefox\\firefox.exe" "--marionette" "-foreground" "-no-remote" "-profile" "C:\\Users\\HANYI_~1\\AppData\\Local\\Temp\\rust_mozprofile4GfdtY"
console.warn: SearchSettings: "get: No settings file exists, new profile?" (new Error("", "(unknown module)"))
1614378726173	Marionette	INFO	Listening on port 51117
1614378726218	Marionette	WARN	TLS certificate errors will be ignored for this session
1614378759165	Marionette	INFO	Stopped listening on port 51117

###!!! [Child][RunMessage] Error: Channel closing: too late to send/recv, messages will be lost

1614378759861	geckodriver	INFO	Listening on 127.0.0.1:51267
1614378762903	mozrunner::runner	INFO	Running command: "C:\\Program Files\\Mozilla Firefox\\firefox.exe" "--marionette" "-foreground" "-no-remote" "-profile" "C:\\Users\\HANYI_~1\\AppData\\Local\\Temp\\rust_mozprofileQDBnsD"
console.warn: SearchSettings: "get: No settings file exists, new profile?" (new Error("", "(unknown module)"))
1614378764347	Marionette	INFO	Listening on port 51275
1614378764421	Marionette	WARN	TLS certificate errors will be ignored for this session
1614378797303	Marionette	INFO	Stopped listening on port 51275

###!!! [Child][RunMessage] Error: Channel closing: too late to send/recv, messages will be lost

1614378797999	geckodriver	INFO	Listening on 127.0.0.1:51437
1614378801042	mozrunner::runner	INFO	Running command: "C:\\Program Files\\Mozilla Firefox\\firefox.exe" "--marionette" "-foreground" "-no-remote" "-profile" "C:\\Users\\HANYI_~1\\AppData\\Local\\Temp\\rust_mozprofileAGvOoh"
console.warn: SearchSettings: "get: No settings file exists, new profile?" (new Error("", "(unknown module)"))
1614378802438	Marionette	INFO	Listening on port 51446
1614378802563	Marionette	WARN	TLS certificate errors will be ignored for this session
JavaScript error: , line 0: TypeError: ServiceWorker script at https://www.finishline.com/akam-sw.js for scope https://www.finishline.com/ encountered an error during installation.
1614378835632	Marionette	INFO	Stopped listening on port 51446

###!!! [Child][RunMessage] Error: Channel closing: too late to send/recv, messages will be lost

1614378836307	geckodriver	INFO	Listening on 127.0.0.1:51604
1614378839353	mozrunner::runner	INFO	Running command: "C:\\Program Files\\Mozilla Firefox\\firefox.exe" "--marionette" "-foreground" "-no-remote" "-profile" "C:\\Users\\HANYI_~1\\AppData\\Local\\Temp\\rust_mozprofileDvtqgm"
console.warn: SearchSettings: "get: No settings file exists, new profile?" (new Error("", "(unknown module)"))
1614378840655	Marionette	INFO	Listening on port 51612
1614378840875	Marionette	WARN	TLS certificate errors will be ignored for this session
1614378874009	Marionette	INFO	Stopped listening on port 51612

###!!! [Child][RunMessage] Error: Channel closing: too late to send/recv, messages will be lost

1614378874702	geckodriver	INFO	Listening on 127.0.0.1:51770
1614378877747	mozrunner::runner	INFO	Running command: "C:\\Program Files\\Mozilla Firefox\\firefox.exe" "--marionette" "-foreground" "-no-remote" "-profile" "C:\\Users\\HANYI_~1\\AppData\\Local\\Temp\\rust_mozprofilen428Ac"
console.warn: SearchSettings: "get: No settings file exists, new profile?" (new Error("", "(unknown module)"))
1614378879246	Marionette	INFO	Listening on port 51778
1614378879265	Marionette	WARN	TLS certificate errors will be ignored for this session
JavaScript error: , line 0: TypeError: ServiceWorker script at https://www.finishline.com/akam-sw.js for scope https://www.finishline.com/ encountered an error during installation.
1614378912198	Marionette	INFO	Stopped listening on port 51778

###!!! [Child][RunMessage] Error: Channel closing: too late to send/recv, messages will be lost

1614378912902	geckodriver	INFO	Listening on 127.0.0.1:51942
1614378915948	mozrunner::runner	INFO	Running command: "C:\\Program Files\\Mozilla Firefox\\firefox.exe" "--marionette" "-foreground" "-no-remote" "-profile" "C:\\Users\\HANYI_~1\\AppData\\Local\\Temp\\rust_mozprofile1scTAl"
console.warn: SearchSettings: "get: No settings file exists, new profile?" (new Error("", "(unknown module)"))
1614378917339	Marionette	INFO	Listening on port 51950
1614378917468	Marionette	WARN	TLS certificate errors will be ignored for this session
1614378950695	Marionette	INFO	Stopped listening on port 51950

###!!! [Child][RunMessage] Error: Channel closing: too late to send/recv, messages will be lost

1614378951385	geckodriver	INFO	Listening on 127.0.0.1:52100
1614378954421	mozrunner::runner	INFO	Running command: "C:\\Program Files\\Mozilla Firefox\\firefox.exe" "--marionette" "-foreground" "-no-remote" "-profile" "C:\\Users\\HANYI_~1\\AppData\\Local\\Temp\\rust_mozprofilevfMsz2"
console.warn: SearchSettings: "get: No settings file exists, new profile?" (new Error("", "(unknown module)"))
1614378955890	Marionette	INFO	Listening on port 52108
1614378955941	Marionette	WARN	TLS certificate errors will be ignored for this session
JavaScript error: , line 0: TypeError: ServiceWorker script at https://www.finishline.com/akam-sw.js for scope https://www.finishline.com/ encountered an error during installation.
1614378990827	Marionette	INFO	Stopped listening on port 52108

###!!! [Child][RunMessage] Error: Channel closing: too late to send/recv, messages will be lost

1614378991625	geckodriver	INFO	Listening on 127.0.0.1:52261
1614378994670	mozrunner::runner	INFO	Running command: "C:\\Program Files\\Mozilla Firefox\\firefox.exe" "--marionette" "-foreground" "-no-remote" "-profile" "C:\\Users\\HANYI_~1\\AppData\\Local\\Temp\\rust_mozprofile1ABLlk"
console.warn: SearchSettings: "get: No settings file exists, new profile?" (new Error("", "(unknown module)"))
1614378996069	Marionette	INFO	Listening on port 52270
1614378996190	Marionette	WARN	TLS certificate errors will be ignored for this session
JavaScript error: , line 0: TypeError: ServiceWorker script at https://www.finishline.com/akam-sw.js for scope https://www.finishline.com/ encountered an error during installation.
1614379030715	Marionette	INFO	Stopped listening on port 52270

###!!! [Child][RunMessage] Error: Channel closing: too late to send/recv, messages will be lost

1614379031461	geckodriver	INFO	Listening on 127.0.0.1:52424
1614379034500	mozrunner::runner	INFO	Running command: "C:\\Program Files\\Mozilla Firefox\\firefox.exe" "--marionette" "-foreground" "-no-remote" "-profile" "C:\\Users\\HANYI_~1\\AppData\\Local\\Temp\\rust_mozprofileDd9QZ3"
console.warn: SearchSettings: "get: No settings file exists, new profile?" (new Error("", "(unknown module)"))
1614379036040	Marionette	INFO	Listening on port 52432
1614379036520	Marionette	WARN	TLS certificate errors will be ignored for this session
JavaScript error: , line 0: TypeError: ServiceWorker script at https://www.finishline.com/akam-sw.js for scope https://www.finishline.com/ encountered an error during installation.
1614379070169	Marionette	INFO	Stopped listening on port 52432

###!!! [Child][RunMessage] Error: Channel closing: too late to send/recv, messages will be lost

1614379070914	geckodriver	INFO	Listening on 127.0.0.1:52583
1614379073946	mozrunner::runner	INFO	Running command: "C:\\Program Files\\Mozilla Firefox\\firefox.exe" "--marionette" "-foreground" "-no-remote" "-profile" "C:\\Users\\HANYI_~1\\AppData\\Local\\Temp\\rust_mozprofileZK4wgz"
console.warn: SearchSettings: "get: No settings file exists, new profile?" (new Error("", "(unknown module)"))
1614379075404	Marionette	INFO	Listening on port 52592
1614379075465	Marionette	WARN	TLS certificate errors will be ignored for this session
JavaScript error: , line 0: TypeError: ServiceWorker script at https://www.finishline.com/akam-sw.js for scope https://www.finishline.com/ encountered an error during installation.
1614379110029	Marionette	INFO	Stopped listening on port 52592
1614379110797	geckodriver	INFO	Listening on 127.0.0.1:52749
1614379113832	mozrunner::runner	INFO	Running command: "C:\\Program Files\\Mozilla Firefox\\firefox.exe" "--marionette" "-foreground" "-no-remote" "-profile" "C:\\Users\\HANYI_~1\\AppData\\Local\\Temp\\rust_mozprofileHjfiRl"
console.warn: SearchSettings: "get: No settings file exists, new profile?" (new Error("", "(unknown module)"))
1614379115206	Marionette	INFO	Listening on port 52760
1614379115354	Marionette	WARN	TLS certificate errors will be ignored for this session
1614379148366	Marionette	INFO	Stopped listening on port 52760

###!!! [Child][RunMessage] Error: Channel closing: too late to send/recv, messages will be lost

1614379149074	geckodriver	INFO	Listening on 127.0.0.1:52908
1614379152110	mozrunner::runner	INFO	Running command: "C:\\Program Files\\Mozilla Firefox\\firefox.exe" "--marionette" "-foreground" "-no-remote" "-profile" "C:\\Users\\HANYI_~1\\AppData\\Local\\Temp\\rust_mozprofilebmd6pT"
console.warn: SearchSettings: "get: No settings file exists, new profile?" (new Error("", "(unknown module)"))
1614379153488	Marionette	INFO	Listening on port 52916
1614379153633	Marionette	WARN	TLS certificate errors will be ignored for this session
1614379186786	Marionette	INFO	Stopped listening on port 52916
1614379187484	geckodriver	INFO	Listening on 127.0.0.1:53072
1614379190521	mozrunner::runner	INFO	Running command: "C:\\Program Files\\Mozilla Firefox\\firefox.exe" "--marionette" "-foreground" "-no-remote" "-profile" "C:\\Users\\HANYI_~1\\AppData\\Local\\Temp\\rust_mozprofileVN6ihz"
console.warn: SearchSettings: "get: No settings file exists, new profile?" (new Error("", "(unknown module)"))
1614379192398	Marionette	INFO	Listening on port 53082
1614379192542	Marionette	WARN	TLS certificate errors will be ignored for this session
JavaScript error: , line 0: TypeError: ServiceWorker script at https://www.finishline.com/akam-sw.js for scope https://www.finishline.com/ encountered an error during installation.
1614379227646	Marionette	INFO	Stopped listening on port 53082

###!!! [Child][RunMessage] Error: Channel closing: too late to send/recv, messages will be lost

1614379228632	geckodriver	INFO	Listening on 127.0.0.1:53389
1614379231672	mozrunner::runner	INFO	Running command: "C:\\Program Files\\Mozilla Firefox\\firefox.exe" "--marionette" "-foreground" "-no-remote" "-profile" "C:\\Users\\HANYI_~1\\AppData\\Local\\Temp\\rust_mozprofiletzIVvV"
console.warn: SearchSettings: "get: No settings file exists, new profile?" (new Error("", "(unknown module)"))
1614379233948	Marionette	INFO	Listening on port 53397
1614379234294	Marionette	WARN	TLS certificate errors will be ignored for this session
JavaScript error: , line 0: TypeError: ServiceWorker script at https://www.finishline.com/akam-sw.js for scope https://www.finishline.com/ encountered an error during installation.
1614379269159	Marionette	INFO	Stopped listening on port 53397

###!!! [Child][RunMessage] Error: Channel closing: too late to send/recv, messages will be lost

1614379269923	geckodriver	INFO	Listening on 127.0.0.1:53558
1614379272964	mozrunner::runner	INFO	Running command: "C:\\Program Files\\Mozilla Firefox\\firefox.exe" "--marionette" "-foreground" "-no-remote" "-profile" "C:\\Users\\HANYI_~1\\AppData\\Local\\Temp\\rust_mozprofileVKe3e7"
console.warn: SearchSettings: "get: No settings file exists, new profile?" (new Error("", "(unknown module)"))
1614379274349	Marionette	INFO	Listening on port 53566
1614379274481	Marionette	WARN	TLS certificate errors will be ignored for this session
1614379322549	Marionette	INFO	Stopped listening on port 53566

###!!! [Child][RunMessage] Error: Channel closing: too late to send/recv, messages will be lost

1614379323272	geckodriver	INFO	Listening on 127.0.0.1:53739
1614379326316	mozrunner::runner	INFO	Running command: "C:\\Program Files\\Mozilla Firefox\\firefox.exe" "--marionette" "-foreground" "-no-remote" "-profile" "C:\\Users\\HANYI_~1\\AppData\\Local\\Temp\\rust_mozprofilegIMbnx"
console.warn: SearchSettings: "get: No settings file exists, new profile?" (new Error("", "(unknown module)"))
1614379327755	Marionette	INFO	Listening on port 53748
1614379327834	Marionette	WARN	TLS certificate errors will be ignored for this session
1614379375849	Marionette	INFO	Stopped listening on port 53748

###!!! [Child][RunMessage] Error: Channel closing: too late to send/recv, messages will be lost

1614379376609	geckodriver	INFO	Listening on 127.0.0.1:53920
1614379379654	mozrunner::runner	INFO	Running command: "C:\\Program Files\\Mozilla Firefox\\firefox.exe" "--marionette" "-foreground" "-no-remote" "-profile" "C:\\Users\\HANYI_~1\\AppData\\Local\\Temp\\rust_mozprofileJAxL2m"
console.warn: SearchSettings: "get: No settings file exists, new profile?" (new Error("", "(unknown module)"))
1614379381070	Marionette	INFO	Listening on port 53930
1614379381172	Marionette	WARN	TLS certificate errors will be ignored for this session
JavaScript error: , line 0: TypeError: ServiceWorker script at https://www.finishline.com/akam-sw.js for scope https://www.finishline.com/ encountered an error during installation.
1614379429469	Marionette	INFO	Stopped listening on port 53930

###!!! [Child][RunMessage] Error: Channel closing: too late to send/recv, messages will be lost

1614379430281	geckodriver	INFO	Listening on 127.0.0.1:54123
1614379433323	mozrunner::runner	INFO	Running command: "C:\\Program Files\\Mozilla Firefox\\firefox.exe" "--marionette" "-foreground" "-no-remote" "-profile" "C:\\Users\\HANYI_~1\\AppData\\Local\\Temp\\rust_mozprofileDy83iT"
console.warn: SearchSettings: "get: No settings file exists, new profile?" (new Error("", "(unknown module)"))
1614379434696	Marionette	INFO	Listening on port 54134
1614379434844	Marionette	WARN	TLS certificate errors will be ignored for this session
1614379482983	Marionette	INFO	Stopped listening on port 54134

###!!! [Child][RunMessage] Error: Channel closing: too late to send/recv, messages will be lost

1614379483755	geckodriver	INFO	Listening on 127.0.0.1:54323
1614379486784	mozrunner::runner	INFO	Running command: "C:\\Program Files\\Mozilla Firefox\\firefox.exe" "--marionette" "-foreground" "-no-remote" "-profile" "C:\\Users\\HANYI_~1\\AppData\\Local\\Temp\\rust_mozprofile8uN8X4"
console.warn: SearchSettings: "get: No settings file exists, new profile?" (new Error("", "(unknown module)"))
1614379488278	Marionette	INFO	Listening on port 54332
1614379488306	Marionette	WARN	TLS certificate errors will be ignored for this session
JavaScript error: , line 0: TypeError: ServiceWorker script at https://www.finishline.com/akam-sw.js for scope https://www.finishline.com/ encountered an error during installation.
1614379536364	Marionette	INFO	Stopped listening on port 54332
1614379537126	geckodriver	INFO	Listening on 127.0.0.1:54500
1614379540169	mozrunner::runner	INFO	Running command: "C:\\Program Files\\Mozilla Firefox\\firefox.exe" "--marionette" "-foreground" "-no-remote" "-profile" "C:\\Users\\HANYI_~1\\AppData\\Local\\Temp\\rust_mozprofileulYL13"
console.warn: SearchSettings: "get: No settings file exists, new profile?" (new Error("", "(unknown module)"))
1614379541568	Marionette	INFO	Listening on port 54508
1614379541688	Marionette	WARN	TLS certificate errors will be ignored for this session
JavaScript error: , line 0: TypeError: ServiceWorker script at https://www.finishline.com/akam-sw.js for scope https://www.finishline.com/ encountered an error during installation.
1614379589842	Marionette	INFO	Stopped listening on port 54508

###!!! [Child][RunMessage] Error: Channel closing: too late to send/recv, messages will be lost

1614379590596	geckodriver	INFO	Listening on 127.0.0.1:54669
1614379593647	mozrunner::runner	INFO	Running command: "C:\\Program Files\\Mozilla Firefox\\firefox.exe" "--marionette" "-foreground" "-no-remote" "-profile" "C:\\Users\\HANYI_~1\\AppData\\Local\\Temp\\rust_mozprofileiBzzdA"
console.warn: SearchSettings: "get: No settings file exists, new profile?" (new Error("", "(unknown module)"))
1614379595106	Marionette	INFO	Listening on port 54678
1614379595167	Marionette	WARN	TLS certificate errors will be ignored for this session
JavaScript error: , line 0: TypeError: ServiceWorker script at https://www.finishline.com/akam-sw.js for scope https://www.finishline.com/ encountered an error during installation.
1614379645612	Marionette	INFO	Stopped listening on port 54678

###!!! [Child][RunMessage] Error: Channel closing: too late to send/recv, messages will be lost

1614379646418	geckodriver	INFO	Listening on 127.0.0.1:54834
1614379649456	mozrunner::runner	INFO	Running command: "C:\\Program Files\\Mozilla Firefox\\firefox.exe" "--marionette" "-foreground" "-no-remote" "-profile" "C:\\Users\\HANYI_~1\\AppData\\Local\\Temp\\rust_mozprofile7W5InD"
console.warn: SearchSettings: "get: No settings file exists, new profile?" (new Error("", "(unknown module)"))
1614379650847	Marionette	INFO	Listening on port 54842
1614379650977	Marionette	WARN	TLS certificate errors will be ignored for this session
1614379698968	Marionette	INFO	Stopped listening on port 54842

###!!! [Child][RunMessage] Error: Channel closing: too late to send/recv, messages will be lost

1614379699744	geckodriver	INFO	Listening on 127.0.0.1:55013
1614379702778	mozrunner::runner	INFO	Running command: "C:\\Program Files\\Mozilla Firefox\\firefox.exe" "--marionette" "-foreground" "-no-remote" "-profile" "C:\\Users\\HANYI_~1\\AppData\\Local\\Temp\\rust_mozprofileLd58xN"
console.warn: SearchSettings: "get: No settings file exists, new profile?" (new Error("", "(unknown module)"))
1614379704132	Marionette	INFO	Listening on port 55022
1614379704298	Marionette	WARN	TLS certificate errors will be ignored for this session
JavaScript error: , line 0: TypeError: ServiceWorker script at https://www.finishline.com/akam-sw.js for scope https://www.finishline.com/ encountered an error during installation.
1614379752348	Marionette	INFO	Stopped listening on port 55022

###!!! [Child][RunMessage] Error: Channel closing: too late to send/recv, messages will be lost

1614379753098	geckodriver	INFO	Listening on 127.0.0.1:55180
1614379756137	mozrunner::runner	INFO	Running command: "C:\\Program Files\\Mozilla Firefox\\firefox.exe" "--marionette" "-foreground" "-no-remote" "-profile" "C:\\Users\\HANYI_~1\\AppData\\Local\\Temp\\rust_mozprofileaG6VHY"
console.warn: SearchSettings: "get: No settings file exists, new profile?" (new Error("", "(unknown module)"))
1614379757522	Marionette	INFO	Listening on port 55188
1614379757655	Marionette	WARN	TLS certificate errors will be ignored for this session
1614379805678	Marionette	INFO	Stopped listening on port 55188

###!!! [Child][RunMessage] Error: Channel closing: too late to send/recv, messages will be lost

1614379806443	geckodriver	INFO	Listening on 127.0.0.1:55343
1614379809476	mozrunner::runner	INFO	Running command: "C:\\Program Files\\Mozilla Firefox\\firefox.exe" "--marionette" "-foreground" "-no-remote" "-profile" "C:\\Users\\HANYI_~1\\AppData\\Local\\Temp\\rust_mozprofileBUVZk9"
console.warn: SearchSettings: "get: No settings file exists, new profile?" (new Error("", "(unknown module)"))
1614379811354	Marionette	INFO	Listening on port 55351
1614379811496	Marionette	WARN	TLS certificate errors will be ignored for this session
1614379859501	Marionette	INFO	Stopped listening on port 55351

###!!! [Child][RunMessage] Error: Channel closing: too late to send/recv, messages will be lost

1614379860280	geckodriver	INFO	Listening on 127.0.0.1:55515
1614379863318	mozrunner::runner	INFO	Running command: "C:\\Program Files\\Mozilla Firefox\\firefox.exe" "--marionette" "-foreground" "-no-remote" "-profile" "C:\\Users\\HANYI_~1\\AppData\\Local\\Temp\\rust_mozprofileclbtUl"
console.warn: SearchSettings: "get: No settings file exists, new profile?" (new Error("", "(unknown module)"))
1614379865731	Marionette	INFO	Listening on port 55523
1614379865938	Marionette	WARN	TLS certificate errors will be ignored for this session
1614379913955	Marionette	INFO	Stopped listening on port 55523

###!!! [Parent][RunMessage] Error: Channel closing: too late to send/recv, messages will be lost


###!!! [Child][RunMessage] Error: Channel closing: too late to send/recv, messages will be lost

1614379914745	geckodriver	INFO	Listening on 127.0.0.1:55680
1614379917780	mozrunner::runner	INFO	Running command: "C:\\Program Files\\Mozilla Firefox\\firefox.exe" "--marionette" "-foreground" "-no-remote" "-profile" "C:\\Users\\HANYI_~1\\AppData\\Local\\Temp\\rust_mozprofilei96PDn"
console.warn: SearchSettings: "get: No settings file exists, new profile?" (new Error("", "(unknown module)"))
1614379919234	Marionette	INFO	Listening on port 55688
1614379919312	Marionette	WARN	TLS certificate errors will be ignored for this session
JavaScript error: , line 0: TypeError: ServiceWorker script at https://www.finishline.com/akam-sw.js for scope https://www.finishline.com/ encountered an error during installation.
1614379967758	Marionette	INFO	Stopped listening on port 55688

###!!! [Child][RunMessage] Error: Channel closing: too late to send/recv, messages will be lost

1614379968470	geckodriver	INFO	Listening on 127.0.0.1:55847
1614379971495	mozrunner::runner	INFO	Running command: "C:\\Program Files\\Mozilla Firefox\\firefox.exe" "--marionette" "-foreground" "-no-remote" "-profile" "C:\\Users\\HANYI_~1\\AppData\\Local\\Temp\\rust_mozprofileyGV8Ca"
console.warn: SearchSettings: "get: No settings file exists, new profile?" (new Error("", "(unknown module)"))
1614379972980	Marionette	INFO	Listening on port 55855
1614379973014	Marionette	WARN	TLS certificate errors will be ignored for this session
JavaScript error: , line 0: TypeError: ServiceWorker script at https://www.finishline.com/akam-sw.js for scope https://www.finishline.com/ encountered an error during installation.
1614380021222	Marionette	INFO	Stopped listening on port 55855

###!!! [Child][RunMessage] Error: Channel closing: too late to send/recv, messages will be lost

1614380021958	geckodriver	INFO	Listening on 127.0.0.1:56009
1614380025003	mozrunner::runner	INFO	Running command: "C:\\Program Files\\Mozilla Firefox\\firefox.exe" "--marionette" "-foreground" "-no-remote" "-profile" "C:\\Users\\HANYI_~1\\AppData\\Local\\Temp\\rust_mozprofileAnLBX4"
console.warn: SearchSettings: "get: No settings file exists, new profile?" (new Error("", "(unknown module)"))
1614380026393	Marionette	INFO	Listening on port 56017
1614380026522	Marionette	WARN	TLS certificate errors will be ignored for this session
1614380074479	Marionette	INFO	Stopped listening on port 56017

###!!! [Child][RunMessage] Error: Channel closing: too late to send/recv, messages will be lost

1614380075211	geckodriver	INFO	Listening on 127.0.0.1:56175
1614380078255	mozrunner::runner	INFO	Running command: "C:\\Program Files\\Mozilla Firefox\\firefox.exe" "--marionette" "-foreground" "-no-remote" "-profile" "C:\\Users\\HANYI_~1\\AppData\\Local\\Temp\\rust_mozprofileJ2cfnP"
console.warn: SearchSettings: "get: No settings file exists, new profile?" (new Error("", "(unknown module)"))
1614380079615	Marionette	INFO	Listening on port 56183
1614380079773	Marionette	WARN	TLS certificate errors will be ignored for this session
1614380127684	Marionette	INFO	Stopped listening on port 56183

###!!! [Parent][RunMessage] Error: Channel closing: too late to send/recv, messages will be lost

1614380128399	geckodriver	INFO	Listening on 127.0.0.1:56339
1614380131430	mozrunner::runner	INFO	Running command: "C:\\Program Files\\Mozilla Firefox\\firefox.exe" "--marionette" "-foreground" "-no-remote" "-profile" "C:\\Users\\HANYI_~1\\AppData\\Local\\Temp\\rust_mozprofileHCSh5k"
console.warn: SearchSettings: "get: No settings file exists, new profile?" (new Error("", "(unknown module)"))
1614380132865	Marionette	INFO	Listening on port 56347
1614380132950	Marionette	WARN	TLS certificate errors will be ignored for this session
1614380180643	Marionette	INFO	Stopped listening on port 56347

###!!! [Child][RunMessage] Error: Channel closing: too late to send/recv, messages will be lost

1614380181296	geckodriver	INFO	Listening on 127.0.0.1:56500
1614380184323	mozrunner::runner	INFO	Running command: "C:\\Program Files\\Mozilla Firefox\\firefox.exe" "--marionette" "-foreground" "-no-remote" "-profile" "C:\\Users\\HANYI_~1\\AppData\\Local\\Temp\\rust_mozprofileMi5lMh"
console.warn: SearchSettings: "get: No settings file exists, new profile?" (new Error("", "(unknown module)"))
1614380185739	Marionette	INFO	Listening on port 56508
1614380185846	Marionette	WARN	TLS certificate errors will be ignored for this session
JavaScript error: , line 0: TypeError: ServiceWorker script at https://www.finishline.com/akam-sw.js for scope https://www.finishline.com/ encountered an error during installation.
1614380233669	Marionette	INFO	Stopped listening on port 56508

###!!! [Child][MessageChannel] Error: (msgtype=0x6B0027,name=PNecko::Msg_RemoveRequestContext) Channel closing: too late to send/recv, messages will be lost


###!!! [Child][RunMessage] Error: Channel closing: too late to send/recv, messages will be lost

1614380234317	geckodriver	INFO	Listening on 127.0.0.1:56659
1614380237359	mozrunner::runner	INFO	Running command: "C:\\Program Files\\Mozilla Firefox\\firefox.exe" "--marionette" "-foreground" "-no-remote" "-profile" "C:\\Users\\HANYI_~1\\AppData\\Local\\Temp\\rust_mozprofileMQaBiD"
console.warn: SearchSettings: "get: No settings file exists, new profile?" (new Error("", "(unknown module)"))
1614380238773	Marionette	INFO	Listening on port 56667
1614380238877	Marionette	WARN	TLS certificate errors will be ignored for this session
JavaScript error: , line 0: TypeError: ServiceWorker script at https://www.finishline.com/akam-sw.js for scope https://www.finishline.com/ encountered an error during installation.
1614380286723	Marionette	INFO	Stopped listening on port 56667
1614380287370	geckodriver	INFO	Listening on 127.0.0.1:56832
1614380290408	mozrunner::runner	INFO	Running command: "C:\\Program Files\\Mozilla Firefox\\firefox.exe" "--marionette" "-foreground" "-no-remote" "-profile" "C:\\Users\\HANYI_~1\\AppData\\Local\\Temp\\rust_mozprofilevQT9hZ"
console.warn: SearchSettings: "get: No settings file exists, new profile?" (new Error("", "(unknown module)"))
1614380291774	Marionette	INFO	Listening on port 56843
1614380291931	Marionette	WARN	TLS certificate errors will be ignored for this session
JavaScript error: , line 0: TypeError: ServiceWorker script at https://www.finishline.com/akam-sw.js for scope https://www.finishline.com/ encountered an error during installation.
1614381926301	Marionette	INFO	Stopped listening on port 56843

###!!! [Child][RunMessage] Error: Channel closing: too late to send/recv, messages will be lost

"--marionette" "-foreground" "-no-remote" "-profile" "C:\\Users\\HANYI_~1\\AppData\\Local\\Temp\\rust_mozprofileNMFWCw"
console.warn: SearchSettings: "get: No settings file exists, new profile?" (new Error("", "(unknown module)"))
1614380331023	Marionette	INFO	Listening on port 57016
1614380331064	Marionette	WARN	TLS certificate errors will be ignored for this session
JavaScript error: , line 0: TypeError: ServiceWorker script at https://www.finishline.com/akam-sw.js for scope https://www.finishline.com/ encountered an error during installation.
1614381931060	Marionette	INFO	Stopped listening on port 57016
4380367343	mozrunner::runner	INFO	Running command: "C:\\Program Files\\Mozilla Firefox\\firefox.exe" "--marionette" "-foreground" "-no-remote" "-profile" "C:\\Users\\HANYI_~1\\AppData\\Local\\Temp\\rust_mozprofilevjsqOa"
console.warn: SearchSettings: "get: No settings file exists, new profile?" (new Error("", "(unknown module)"))
1614380368852	Marionette	INFO	Listening on port 57174
1614380369363	Marionette	WARN	TLS certificate errors will be ignored for this session
1614381933289	Marionette	INFO	Stopped listening on port 57174

###!!! [Child][RunMessage] Error: Channel closing: too late to send/recv, messages will be lost

"--marionette" "-foreground" "-no-remote" "-profile" "C:\\Users\\HANYI_~1\\AppData\\Local\\Temp\\rust_mozprofilei7Vr7a"
console.warn: SearchSettings: "get: No settings file exists, new profile?" (new Error("", "(unknown module)"))
1614380406369	Marionette	INFO	Listening on port 57336
1614380406481	Marionette	WARN	TLS certificate errors will be ignored for this session
JavaScript error: , line 0: TypeError: ServiceWorker script at https://www.finishline.com/akam-sw.js for scope https://www.finishline.com/ encountered an error during installation.
1614381935779	Marionette	INFO	Stopped listening on port 57336

###!!! [Child][RunMessage] Error: Channel closing: too late to send/recv, messages will be lost

"--marionette" "-foreground" "-no-remote" "-profile" "C:\\Users\\HANYI_~1\\AppData\\Local\\Temp\\rust_mozprofiler9izLn"
console.warn: SearchSettings: "get: No settings file exists, new profile?" (new Error("", "(unknown module)"))
1614380444159	Marionette	INFO	Listening on port 57503
1614380444239	Marionette	WARN	TLS certificate errors will be ignored for this session
JavaScript error: , line 0: TypeError: ServiceWorker script at https://www.finishline.com/akam-sw.js for scope https://www.finishline.com/ encountered an error during installation.
1614381942550	Marionette	INFO	Stopped listening on port 57503

###!!! [Child][RunMessage] Error: Channel closing: too late to send/recv, messages will be lost

"--marionette" "-foreground" "-no-remote" "-profile" "C:\\Users\\HANYI_~1\\AppData\\Local\\Temp\\rust_mozprofileQuS6CY"
console.warn: SearchSettings: "get: No settings file exists, new profile?" (new Error("", "(unknown module)"))
1614380483512	Marionette	INFO	Listening on port 57665
1614380483987	Marionette	WARN	TLS certificate errors will be ignored for this session
JavaScript error: , line 0: TypeError: ServiceWorker script at https://www.finishline.com/akam-sw.js for scope https://www.finishline.com/ encountered an error during installation.
1614380533012	Marionette	INFO	Stopped listening on port 57665

###!!! [Child][RunMessage] Error: Channel closing: too late to send/recv, messages will be lost

1614382858118	geckodriver	INFO	Listening on 127.0.0.1:58803
1614382861164	mozrunner::runner	INFO	Running command: "C:\\Program Files\\Mozilla Firefox\\firefox.exe" "--marionette" "-foreground" "-no-remote" "-profile" "C:\\Users\\HANYI_~1\\AppData\\Local\\Temp\\rust_mozprofilee4Z8Oe"
console.warn: SearchSettings: "get: No settings file exists, new profile?" (new Error("", "(unknown module)"))
1614382863091	Marionette	INFO	Listening on port 58811
1614382863439	Marionette	WARN	TLS certificate errors will be ignored for this session
JavaScript error: , line 0: TypeError: ServiceWorker script at https://www.finishline.com/akam-sw.js for scope https://www.finishline.com/ encountered an error during installation.
JavaScript error: , line 0: NS_ERROR_NOT_AVAILABLE
1614524327803	Marionette	INFO	Stopped listening on port 58811

###!!! [Child][RunMessage] Error: Channel closing: too late to send/recv, messages will be lost

 "C:\\Users\\HANYI_~1\\AppData\\Local\\Temp\\rust_mozprofileDSzy87"
console.warn: SearchSettings: "get: No settings file exists, new profile?" (new Error("", "(unknown module)"))
1614383153763	Marionette	INFO	Listening on port 59036
1614383153859	Marionette	WARN	TLS certificate errors will be ignored for this session
JavaScript error: , line 0: TypeError: ServiceWorker script at https://www.finishline.com/akam-sw.js for scope https://www.finishline.com/ encountered an error during installation.
1614383187390	Marionette	INFO	Stopped listening on port 59036

###!!! [Child][RunMessage] Error: Channel closing: too late to send/recv, messages will be lost

1614383283760	geckodriver	INFO	Listening on 127.0.0.1:59202
1614383286806	mozrunner::runner	INFO	Running command: "C:\\Program Files\\Mozilla Firefox\\firefox.exe" "--marionette" "-foreground" "-no-remote" "-profile" "C:\\Users\\HANYI_~1\\AppData\\Local\\Temp\\rust_mozprofile5kHLtZ"
console.warn: SearchSettings: "get: No settings file exists, new profile?" (new Error("", "(unknown module)"))
1614383289172	Marionette	INFO	Listening on port 59210
1614383289427	Marionette	WARN	TLS certificate errors will be ignored for this session
JavaScript error: , line 0: TypeError: ServiceWorker script at https://www.finishline.com/akam-sw.js for scope https://www.finishline.com/ encountered an error during installation.
1614383324221	Marionette	INFO	Stopped listening on port 59210

###!!! [Child][RunMessage] Error: Channel closing: too late to send/recv, messages will be lost

1614383525557	geckodriver	INFO	Listening on 127.0.0.1:59493
1614383528597	mozrunner::runner	INFO	Running command: "C:\\Program Files\\Mozilla Firefox\\firefox.exe" "--marionette" "-foreground" "-no-remote" "-profile" "C:\\Users\\HANYI_~1\\AppData\\Local\\Temp\\rust_mozprofileAE6g79"
console.warn: SearchSettings: "get: No settings file exists, new profile?" (new Error("", "(unknown module)"))
1614383530111	Marionette	INFO	Listening on port 59502
1614383530615	Marionette	WARN	TLS certificate errors will be ignored for this session
JavaScript error: , line 0: TypeError: ServiceWorker script at https://www.finishline.com/akam-sw.js for scope https://www.finishline.com/ encountered an error during installation.
1614383565222	Marionette	INFO	Stopped listening on port 59502

###!!! [Child][RunMessage] Error: Channel closing: too late to send/recv, messages will be lost

1614383621575	geckodriver	INFO	Listening on 127.0.0.1:59666
1614383624615	mozrunner::runner	INFO	Running command: "C:\\Program Files\\Mozilla Firefox\\firefox.exe" "--marionette" "-foreground" "-no-remote" "-profile" "C:\\Users\\HANYI_~1\\AppData\\Local\\Temp\\rust_mozprofilePfphdX"
console.warn: SearchSettings: "get: No settings file exists, new profile?" (new Error("", "(unknown module)"))
1614383626013	Marionette	INFO	Listening on port 59674
1614383626136	Marionette	WARN	TLS certificate errors will be ignored for this session
1614383659485	Marionette	INFO	Stopped listening on port 59674

###!!! [Child][RunMessage] Error: Channel closing: too late to send/recv, messages will be lost

1614383685531	geckodriver	INFO	Listening on 127.0.0.1:59827
1614383688571	mozrunner::runner	INFO	Running command: "C:\\Program Files\\Mozilla Firefox\\firefox.exe" "--marionette" "-foreground" "-no-remote" "-profile" "C:\\Users\\HANYI_~1\\AppData\\Local\\Temp\\rust_mozprofileFNL2Ah"
console.warn: SearchSettings: "get: No settings file exists, new profile?" (new Error("", "(unknown module)"))
1614383690075	Marionette	INFO	Listening on port 59835
1614383690089	Marionette	WARN	TLS certificate errors will be ignored for this session
JavaScript error: , line 0: TypeError: ServiceWorker script at https://www.finishline.com/akam-sw.js for scope https://www.finishline.com/ encountered an error during installation.
1614383724910	Marionette	INFO	Stopped listening on port 59835

###!!! [Child][MessageChannel] Error: (msgtype=0x6B0027,name=PNecko::Msg_RemoveRequestContext) Channel closing: too late to send/recv, messages will be lost


###!!! [Child][RunMessage] Error: Channel closing: too late to send/recv, messages will be lost

1614383791435	geckodriver	INFO	Listening on 127.0.0.1:59990
1614383794477	mozrunner::runner	INFO	Running command: "C:\\Program Files\\Mozilla Firefox\\firefox.exe" "--marionette" "-foreground" "-no-remote" "-profile" "C:\\Users\\HANYI_~1\\AppData\\Local\\Temp\\rust_mozprofile8NOpsM"
console.warn: SearchSettings: "get: No settings file exists, new profile?" (new Error("", "(unknown module)"))
1614383796426	Marionette	INFO	Listening on port 59999
1614383796496	Marionette	WARN	TLS certificate errors will be ignored for this session
JavaScript error: , line 0: TypeError: ServiceWorker script at https://www.finishline.com/akam-sw.js for scope https://www.finishline.com/ encountered an error during installation.
1614383831272	Marionette	INFO	Stopped listening on port 59999

###!!! [Child][RunMessage] Error: Channel closing: too late to send/recv, messages will be lost

1614383831973	geckodriver	INFO	Listening on 127.0.0.1:60289
1614383835005	mozrunner::runner	INFO	Running command: "C:\\Program Files\\Mozilla Firefox\\firefox.exe" "--marionette" "-foreground" "-no-remote" "-profile" "C:\\Users\\HANYI_~1\\AppData\\Local\\Temp\\rust_mozprofilePNFnw3"
console.warn: SearchSettings: "get: No settings file exists, new profile?" (new Error("", "(unknown module)"))
1614383836427	Marionette	INFO	Listening on port 60321
1614383836522	Marionette	WARN	TLS certificate errors will be ignored for this session
1614383870100	Marionette	INFO	Stopped listening on port 60321

###!!! [Child][RunMessage] Error: Channel closing: too late to send/recv, messages will be lost

1614383870817	geckodriver	INFO	Listening on 127.0.0.1:60555
1614383873842	mozrunner::runner	INFO	Running command: "C:\\Program Files\\Mozilla Firefox\\firefox.exe" "--marionette" "-foreground" "-no-remote" "-profile" "C:\\Users\\HANYI_~1\\AppData\\Local\\Temp\\rust_mozprofileh1m1bz"
console.warn: SearchSettings: "get: No settings file exists, new profile?" (new Error("", "(unknown module)"))
1614383875370	Marionette	INFO	Listening on port 60564
1614383875870	Marionette	WARN	TLS certificate errors will be ignored for this session
1614383909491	Marionette	INFO	Stopped listening on port 60564

###!!! [Parent][RunMessage] Error: Channel closing: too late to send/recv, messages will be lost


###!!! [Child][RunMessage] Error: Channel closing: too late to send/recv, messages will be lost

1614383910197	geckodriver	INFO	Listening on 127.0.0.1:60732
1614383913230	mozrunner::runner	INFO	Running command: "C:\\Program Files\\Mozilla Firefox\\firefox.exe" "--marionette" "-foreground" "-no-remote" "-profile" "C:\\Users\\HANYI_~1\\AppData\\Local\\Temp\\rust_mozprofileDOFeKy"
console.warn: SearchSettings: "get: No settings file exists, new profile?" (new Error("", "(unknown module)"))
1614383915572	Marionette	INFO	Listening on port 60740
1614383915854	Marionette	WARN	TLS certificate errors will be ignored for this session
JavaScript error: , line 0: TypeError: ServiceWorker script at https://www.finishline.com/akam-sw.js for scope https://www.finishline.com/ encountered an error during installation.
1614383951293	Marionette	INFO	Stopped listening on port 60740
1614383952077	geckodriver	INFO	Listening on 127.0.0.1:60898
1614383955113	mozrunner::runner	INFO	Running command: "C:\\Program Files\\Mozilla Firefox\\firefox.exe" "--marionette" "-foreground" "-no-remote" "-profile" "C:\\Users\\HANYI_~1\\AppData\\Local\\Temp\\rust_mozprofilehXrwF9"
console.warn: SearchSettings: "get: No settings file exists, new profile?" (new Error("", "(unknown module)"))
1614383956746	Marionette	INFO	Listening on port 60910
1614383957133	Marionette	WARN	TLS certificate errors will be ignored for this session
JavaScript error: , line 0: TypeError: ServiceWorker script at https://www.finishline.com/akam-sw.js for scope https://www.finishline.com/ encountered an error during installation.
1614383992122	Marionette	INFO	Stopped listening on port 60910
1614383992912	geckodriver	INFO	Listening on 127.0.0.1:61066
1614383995947	mozrunner::runner	INFO	Running command: "C:\\Program Files\\Mozilla Firefox\\firefox.exe" "--marionette" "-foreground" "-no-remote" "-profile" "C:\\Users\\HANYI_~1\\AppData\\Local\\Temp\\rust_mozprofileN9zva6"
console.warn: SearchSettings: "get: No settings file exists, new profile?" (new Error("", "(unknown module)"))
1614383997409	Marionette	INFO	Listening on port 61075
1614383997469	Marionette	WARN	TLS certificate errors will be ignored for this session
JavaScript error: , line 0: TypeError: ServiceWorker script at https://www.finishline.com/akam-sw.js for scope https://www.finishline.com/ encountered an error during installation.
1614384030568	Marionette	INFO	Stopped listening on port 61075
1614384031291	geckodriver	INFO	Listening on 127.0.0.1:61242
1614384034317	mozrunner::runner	INFO	Running command: "C:\\Program Files\\Mozilla Firefox\\firefox.exe" "--marionette" "-foreground" "-no-remote" "-profile" "C:\\Users\\HANYI_~1\\AppData\\Local\\Temp\\rust_mozprofileVGSKIP"
console.warn: SearchSettings: "get: No settings file exists, new profile?" (new Error("", "(unknown module)"))
1614384035934	Marionette	INFO	Listening on port 61251
1614384036339	Marionette	WARN	TLS certificate errors will be ignored for this session
JavaScript error: , line 0: TypeError: ServiceWorker script at https://www.finishline.com/akam-sw.js for scope https://www.finishline.com/ encountered an error during installation.
1614384071182	Marionette	INFO	Stopped listening on port 61251

###!!! [Child][RunMessage] Error: Channel closing: too late to send/recv, messages will be lost

1614384071954	geckodriver	INFO	Listening on 127.0.0.1:61413
1614384074988	mozrunner::runner	INFO	Running command: "C:\\Program Files\\Mozilla Firefox\\firefox.exe" "--marionette" "-foreground" "-no-remote" "-profile" "C:\\Users\\HANYI_~1\\AppData\\Local\\Temp\\rust_mozprofilev3DGnC"
console.warn: SearchSettings: "get: No settings file exists, new profile?" (new Error("", "(unknown module)"))
1614384076419	Marionette	INFO	Listening on port 61425
1614384076507	Marionette	WARN	TLS certificate errors will be ignored for this session
1614384109603	Marionette	INFO	Stopped listening on port 61425

###!!! [Child][RunMessage] Error: Channel closing: too late to send/recv, messages will be lost

1614384110348	geckodriver	INFO	Listening on 127.0.0.1:61572
1614384113383	mozrunner::runner	INFO	Running command: "C:\\Program Files\\Mozilla Firefox\\firefox.exe" "--marionette" "-foreground" "-no-remote" "-profile" "C:\\Users\\HANYI_~1\\AppData\\Local\\Temp\\rust_mozprofileJcQy9r"
console.warn: SearchSettings: "get: No settings file exists, new profile?" (new Error("", "(unknown module)"))
1614384114827	Marionette	INFO	Listening on port 61586
1614384114905	Marionette	WARN	TLS certificate errors will be ignored for this session
JavaScript error: , line 0: TypeError: ServiceWorker script at https://www.finishline.com/akam-sw.js for scope https://www.finishline.com/ encountered an error during installation.
1614384148775	Marionette	INFO	Stopped listening on port 61586

###!!! [Child][RunMessage] Error: Channel closing: too late to send/recv, messages will be lost

1614384149619	geckodriver	INFO	Listening on 127.0.0.1:61746
1614384152644	mozrunner::runner	INFO	Running command: "C:\\Program Files\\Mozilla Firefox\\firefox.exe" "--marionette" "-foreground" "-no-remote" "-profile" "C:\\Users\\HANYI_~1\\AppData\\Local\\Temp\\rust_mozprofileUIqPeZ"
console.warn: SearchSettings: "get: No settings file exists, new profile?" (new Error("", "(unknown module)"))
1614384154080	Marionette	INFO	Listening on port 61754
1614384154164	Marionette	WARN	TLS certificate errors will be ignored for this session
JavaScript error: , line 0: TypeError: ServiceWorker script at https://www.finishline.com/akam-sw.js for scope https://www.finishline.com/ encountered an error during installation.
1614384189573	Marionette	INFO	Stopped listening on port 61754

###!!! [Child][RunMessage] Error: Channel closing: too late to send/recv, messages will be lost

1614384190381	geckodriver	INFO	Listening on 127.0.0.1:61919
1614384193417	mozrunner::runner	INFO	Running command: "C:\\Program Files\\Mozilla Firefox\\firefox.exe" "--marionette" "-foreground" "-no-remote" "-profile" "C:\\Users\\HANYI_~1\\AppData\\Local\\Temp\\rust_mozprofile3p8Tle"
console.warn: SearchSettings: "get: No settings file exists, new profile?" (new Error("", "(unknown module)"))
1614384195261	Marionette	INFO	Listening on port 61933
1614384195440	Marionette	WARN	TLS certificate errors will be ignored for this session
JavaScript error: , line 0: TypeError: ServiceWorker script at https://www.finishline.com/akam-sw.js for scope https://www.finishline.com/ encountered an error during installation.
1614384229234	Marionette	INFO	Stopped listening on port 61933
1614384229963	geckodriver	INFO	Listening on 127.0.0.1:62084
1614384232999	mozrunner::runner	INFO	Running command: "C:\\Program Files\\Mozilla Firefox\\firefox.exe" "--marionette" "-foreground" "-no-remote" "-profile" "C:\\Users\\HANYI_~1\\AppData\\Local\\Temp\\rust_mozprofileEQF4Jp"
console.warn: SearchSettings: "get: No settings file exists, new profile?" (new Error("", "(unknown module)"))
1614384234559	Marionette	INFO	Listening on port 62095
1614384235020	Marionette	WARN	TLS certificate errors will be ignored for this session
JavaScript error: , line 0: TypeError: ServiceWorker script at https://www.finishline.com/akam-sw.js for scope https://www.finishline.com/ encountered an error during installation.
1614384268622	Marionette	INFO	Stopped listening on port 62095

###!!! [Child][RunMessage] Error: Channel closing: too late to send/recv, messages will be lost

1614384269366	geckodriver	INFO	Listening on 127.0.0.1:62245
1614384272402	mozrunner::runner	INFO	Running command: "C:\\Program Files\\Mozilla Firefox\\firefox.exe" "--marionette" "-foreground" "-no-remote" "-profile" "C:\\Users\\HANYI_~1\\AppData\\Local\\Temp\\rust_mozprofilev1gYqb"
console.warn: SearchSettings: "get: No settings file exists, new profile?" (new Error("", "(unknown module)"))
1614384274077	Marionette	INFO	Listening on port 62253
1614384274427	Marionette	WARN	TLS certificate errors will be ignored for this session
1614384307811	Marionette	INFO	Stopped listening on port 62253

###!!! [Child][RunMessage] Error: Channel closing: too late to send/recv, messages will be lost

1614384308560	geckodriver	INFO	Listening on 127.0.0.1:62403
1614384311595	mozrunner::runner	INFO	Running command: "C:\\Program Files\\Mozilla Firefox\\firefox.exe" "--marionette" "-foreground" "-no-remote" "-profile" "C:\\Users\\HANYI_~1\\AppData\\Local\\Temp\\rust_mozprofileGVR1k8"
console.warn: SearchSettings: "get: No settings file exists, new profile?" (new Error("", "(unknown module)"))
1614384313177	Marionette	INFO	Listening on port 62411
1614384313618	Marionette	WARN	TLS certificate errors will be ignored for this session
1614384346992	Marionette	INFO	Stopped listening on port 62411
1614384347713	geckodriver	INFO	Listening on 127.0.0.1:62573
1614384350748	mozrunner::runner	INFO	Running command: "C:\\Program Files\\Mozilla Firefox\\firefox.exe" "--marionette" "-foreground" "-no-remote" "-profile" "C:\\Users\\HANYI_~1\\AppData\\Local\\Temp\\rust_mozprofileyIrk5g"
console.warn: SearchSettings: "get: No settings file exists, new profile?" (new Error("", "(unknown module)"))
1614384352289	Marionette	INFO	Listening on port 62581
1614384352769	Marionette	WARN	TLS certificate errors will be ignored for this session
1614384386334	Marionette	INFO	Stopped listening on port 62581

###!!! [Child][RunMessage] Error: Channel closing: too late to send/recv, messages will be lost

1614384387057	geckodriver	INFO	Listening on 127.0.0.1:62730
1614384390094	mozrunner::runner	INFO	Running command: "C:\\Program Files\\Mozilla Firefox\\firefox.exe" "--marionette" "-foreground" "-no-remote" "-profile" "C:\\Users\\HANYI_~1\\AppData\\Local\\Temp\\rust_mozprofileWraMD9"
console.warn: SearchSettings: "get: No settings file exists, new profile?" (new Error("", "(unknown module)"))
1614384391641	Marionette	INFO	Listening on port 62738
1614384392115	Marionette	WARN	TLS certificate errors will be ignored for this session
1614384425551	Marionette	INFO	Stopped listening on port 62738

###!!! [Child][RunMessage] Error: Channel closing: too late to send/recv, messages will be lost

1614384426295	geckodriver	INFO	Listening on 127.0.0.1:62887
1614384429332	mozrunner::runner	INFO	Running command: "C:\\Program Files\\Mozilla Firefox\\firefox.exe" "--marionette" "-foreground" "-no-remote" "-profile" "C:\\Users\\HANYI_~1\\AppData\\Local\\Temp\\rust_mozprofileuXbZOF"
console.warn: SearchSettings: "get: No settings file exists, new profile?" (new Error("", "(unknown module)"))
1614384431390	Marionette	INFO	Listening on port 62895
1614384431457	Marionette	WARN	TLS certificate errors will be ignored for this session
1614384464979	Marionette	INFO	Stopped listening on port 62895

###!!! [Child][RunMessage] Error: Channel closing: too late to send/recv, messages will be lost

1614384465691	geckodriver	INFO	Listening on 127.0.0.1:63049
1614384468713	mozrunner::runner	INFO	Running command: "C:\\Program Files\\Mozilla Firefox\\firefox.exe" "--marionette" "-foreground" "-no-remote" "-profile" "C:\\Users\\HANYI_~1\\AppData\\Local\\Temp\\rust_mozprofileN6np6I"
console.warn: SearchSettings: "get: No settings file exists, new profile?" (new Error("", "(unknown module)"))
1614384470268	Marionette	INFO	Listening on port 63057
1614384470735	Marionette	WARN	TLS certificate errors will be ignored for this session
JavaScript error: , line 0: TypeError: ServiceWorker script at https://www.finishline.com/akam-sw.js for scope https://www.finishline.com/ encountered an error during installation.
1614384504893	Marionette	INFO	Stopped listening on port 63057

###!!! [Child][RunMessage] Error: Channel closing: too late to send/recv, messages will be lost

1614384505687	geckodriver	INFO	Listening on 127.0.0.1:63223
1614384508723	mozrunner::runner	INFO	Running command: "C:\\Program Files\\Mozilla Firefox\\firefox.exe" "--marionette" "-foreground" "-no-remote" "-profile" "C:\\Users\\HANYI_~1\\AppData\\Local\\Temp\\rust_mozprofile2qgcN2"
console.warn: SearchSettings: "get: No settings file exists, new profile?" (new Error("", "(unknown module)"))
1614384510216	Marionette	INFO	Listening on port 63231
1614384510244	Marionette	WARN	TLS certificate errors will be ignored for this session
1614384543646	Marionette	INFO	Stopped listening on port 63231

###!!! [Child][RunMessage] Error: Channel closing: too late to send/recv, messages will be lost

1614384544391	geckodriver	INFO	Listening on 127.0.0.1:63381
1614384547424	mozrunner::runner	INFO	Running command: "C:\\Program Files\\Mozilla Firefox\\firefox.exe" "--marionette" "-foreground" "-no-remote" "-profile" "C:\\Users\\HANYI_~1\\AppData\\Local\\Temp\\rust_mozprofileMXHOYu"
console.warn: SearchSettings: "get: No settings file exists, new profile?" (new Error("", "(unknown module)"))
1614384549857	Marionette	INFO	Listening on port 63391
1614384550045	Marionette	WARN	TLS certificate errors will be ignored for this session
JavaScript error: , line 0: TypeError: ServiceWorker script at https://www.finishline.com/akam-sw.js for scope https://www.finishline.com/ encountered an error during installation.
1614384599754	Marionette	INFO	Stopped listening on port 63391

###!!! [Child][RunMessage] Error: Channel closing: too late to send/recv, messages will be lost

1614384600480	geckodriver	INFO	Listening on 127.0.0.1:63562
1614384603515	mozrunner::runner	INFO	Running command: "C:\\Program Files\\Mozilla Firefox\\firefox.exe" "--marionette" "-foreground" "-no-remote" "-profile" "C:\\Users\\HANYI_~1\\AppData\\Local\\Temp\\rust_mozprofileqzC8Q8"
console.warn: SearchSettings: "get: No settings file exists, new profile?" (new Error("", "(unknown module)"))
1614384605070	Marionette	INFO	Listening on port 63570
1614384605538	Marionette	WARN	TLS certificate errors will be ignored for this session
JavaScript error: , line 0: TypeError: ServiceWorker script at https://www.finishline.com/akam-sw.js for scope https://www.finishline.com/ encountered an error during installation.
1614384657680	Marionette	INFO	Stopped listening on port 63570

###!!! [Child][RunMessage] Error: Channel closing: too late to send/recv, messages will be lost

1614384658477	geckodriver	INFO	Listening on 127.0.0.1:63727
1614384661490	mozrunner::runner	INFO	Running command: "C:\\Program Files\\Mozilla Firefox\\firefox.exe" "--marionette" "-foreground" "-no-remote" "-profile" "C:\\Users\\HANYI_~1\\AppData\\Local\\Temp\\rust_mozprofilewP8AaE"
console.warn: SearchSettings: "get: No settings file exists, new profile?" (new Error("", "(unknown module)"))
1614384663043	Marionette	INFO	Listening on port 63735
1614384663511	Marionette	WARN	TLS certificate errors will be ignored for this session
JavaScript error: , line 0: TypeError: ServiceWorker script at https://www.finishline.com/akam-sw.js for scope https://www.finishline.com/ encountered an error during installation.
1614384713156	Marionette	INFO	Stopped listening on port 63735

###!!! [Child][RunMessage] Error: Channel closing: too late to send/recv, messages will be lost

1614384713973	geckodriver	INFO	Listening on 127.0.0.1:63907
1614384716986	mozrunner::runner	INFO	Running command: "C:\\Program Files\\Mozilla Firefox\\firefox.exe" "--marionette" "-foreground" "-no-remote" "-profile" "C:\\Users\\HANYI_~1\\AppData\\Local\\Temp\\rust_mozprofileNd3QHD"
console.warn: SearchSettings: "get: No settings file exists, new profile?" (new Error("", "(unknown module)"))
1614384718655	Marionette	INFO	Listening on port 63915
1614384719007	Marionette	WARN	TLS certificate errors will be ignored for this session
JavaScript error: , line 0: TypeError: ServiceWorker script at https://www.finishline.com/akam-sw.js for scope https://www.finishline.com/ encountered an error during installation.
1614384767705	Marionette	INFO	Stopped listening on port 63915

###!!! [Child][RunMessage] Error: Channel closing: too late to send/recv, messages will be lost

1614384768536	geckodriver	INFO	Listening on 127.0.0.1:64072
1614384771572	mozrunner::runner	INFO	Running command: "C:\\Program Files\\Mozilla Firefox\\firefox.exe" "--marionette" "-foreground" "-no-remote" "-profile" "C:\\Users\\HANYI_~1\\AppData\\Local\\Temp\\rust_mozprofilerWWQHY"
console.warn: SearchSettings: "get: No settings file exists, new profile?" (new Error("", "(unknown module)"))
1614384773139	Marionette	INFO	Listening on port 64080
1614384773604	Marionette	WARN	TLS certificate errors will be ignored for this session
JavaScript error: , line 0: TypeError: ServiceWorker script at https://www.finishline.com/akam-sw.js for scope https://www.finishline.com/ encountered an error during installation.
1614384822280	Marionette	INFO	Stopped listening on port 64080
1614384823139	geckodriver	INFO	Listening on 127.0.0.1:64252
1614384826164	mozrunner::runner	INFO	Running command: "C:\\Program Files\\Mozilla Firefox\\firefox.exe" "--marionette" "-foreground" "-no-remote" "-profile" "C:\\Users\\HANYI_~1\\AppData\\Local\\Temp\\rust_mozprofileqsr9uQ"
console.warn: SearchSettings: "get: No settings file exists, new profile?" (new Error("", "(unknown module)"))
1614384827745	Marionette	INFO	Listening on port 64260
1614384828184	Marionette	WARN	TLS certificate errors will be ignored for this session
1614384876812	Marionette	INFO	Stopped listening on port 64260

###!!! [Child][RunMessage] Error: Channel closing: too late to send/recv, messages will be lost

1614384877659	geckodriver	INFO	Listening on 127.0.0.1:64417
1614384880693	mozrunner::runner	INFO	Running command: "C:\\Program Files\\Mozilla Firefox\\firefox.exe" "--marionette" "-foreground" "-no-remote" "-profile" "C:\\Users\\HANYI_~1\\AppData\\Local\\Temp\\rust_mozprofilef5xLiD"
console.warn: SearchSettings: "get: No settings file exists, new profile?" (new Error("", "(unknown module)"))
1614384882247	Marionette	INFO	Listening on port 64425
1614384882719	Marionette	WARN	TLS certificate errors will be ignored for this session
JavaScript error: , line 0: TypeError: ServiceWorker script at https://www.finishline.com/akam-sw.js for scope https://www.finishline.com/ encountered an error during installation.
1614384932272	Marionette	INFO	Stopped listening on port 64425

###!!! [Child][RunMessage] Error: Channel closing: too late to send/recv, messages will be lost

1614384933124	geckodriver	INFO	Listening on 127.0.0.1:64585
1614384936159	mozrunner::runner	INFO	Running command: "C:\\Program Files\\Mozilla Firefox\\firefox.exe" "--marionette" "-foreground" "-no-remote" "-profile" "C:\\Users\\HANYI_~1\\AppData\\Local\\Temp\\rust_mozprofile2ZkgNS"
console.warn: SearchSettings: "get: No settings file exists, new profile?" (new Error("", "(unknown module)"))
1614384937715	Marionette	INFO	Listening on port 64593
1614384938180	Marionette	WARN	TLS certificate errors will be ignored for this session
JavaScript error: , line 0: TypeError: ServiceWorker script at https://www.finishline.com/akam-sw.js for scope https://www.finishline.com/ encountered an error during installation.
1614384988011	Marionette	INFO	Stopped listening on port 64593

###!!! [Child][RunMessage] Error: Channel closing: too late to send/recv, messages will be lost

1614384988857	geckodriver	INFO	Listening on 127.0.0.1:64754
1614384991856	mozrunner::runner	INFO	Running command: "C:\\Program Files\\Mozilla Firefox\\firefox.exe" "--marionette" "-foreground" "-no-remote" "-profile" "C:\\Users\\HANYI_~1\\AppData\\Local\\Temp\\rust_mozprofileWPZJ9c"
console.warn: SearchSettings: "get: No settings file exists, new profile?" (new Error("", "(unknown module)"))
1614384993527	Marionette	INFO	Listening on port 64762
1614384993879	Marionette	WARN	TLS certificate errors will be ignored for this session
JavaScript error: , line 0: TypeError: ServiceWorker script at https://www.finishline.com/akam-sw.js for scope https://www.finishline.com/ encountered an error during installation.
1614385043434	Marionette	INFO	Stopped listening on port 64762

###!!! [Child][RunMessage] Error: Channel closing: too late to send/recv, messages will be lost

1614385044242	geckodriver	INFO	Listening on 127.0.0.1:64927
1614385047277	mozrunner::runner	INFO	Running command: "C:\\Program Files\\Mozilla Firefox\\firefox.exe" "--marionette" "-foreground" "-no-remote" "-profile" "C:\\Users\\HANYI_~1\\AppData\\Local\\Temp\\rust_mozprofileTgYLRm"
console.warn: SearchSettings: "get: No settings file exists, new profile?" (new Error("", "(unknown module)"))
1614385049265	Marionette	INFO	Listening on port 64935
1614385049304	Marionette	WARN	TLS certificate errors will be ignored for this session
1614385097885	Marionette	INFO	Stopped listening on port 64935

###!!! [Child][RunMessage] Error: Channel closing: too late to send/recv, messages will be lost

1614385098712	geckodriver	INFO	Listening on 127.0.0.1:65098
1614385101725	mozrunner::runner	INFO	Running command: "C:\\Program Files\\Mozilla Firefox\\firefox.exe" "--marionette" "-foreground" "-no-remote" "-profile" "C:\\Users\\HANYI_~1\\AppData\\Local\\Temp\\rust_mozprofileUQeZfY"
console.warn: SearchSettings: "get: No settings file exists, new profile?" (new Error("", "(unknown module)"))
1614385103290	Marionette	INFO	Listening on port 65106
1614385103746	Marionette	WARN	TLS certificate errors will be ignored for this session
JavaScript error: , line 0: TypeError: ServiceWorker script at https://www.finishline.com/akam-sw.js for scope https://www.finishline.com/ encountered an error during installation.
1614385152420	Marionette	INFO	Stopped listening on port 65106

###!!! [Child][RunMessage] Error: Channel closing: too late to send/recv, messages will be lost


###!!! [Child][MessageChannel] Error: (msgtype=0x230033,name=PBrowser::Msg___delete__) Channel closing: too late to send/recv, messages will be lost


###!!! [Child][RunMessage] Error: Channel closing: too late to send/recv, messages will be lost

1614385153255	geckodriver	INFO	Listening on 127.0.0.1:65265
1614385156278	mozrunner::runner	INFO	Running command: "C:\\Program Files\\Mozilla Firefox\\firefox.exe" "--marionette" "-foreground" "-no-remote" "-profile" "C:\\Users\\HANYI_~1\\AppData\\Local\\Temp\\rust_mozprofileauuNlQ"
console.warn: SearchSettings: "get: No settings file exists, new profile?" (new Error("", "(unknown module)"))
1614385158679	Marionette	INFO	Listening on port 65278
1614385158904	Marionette	WARN	TLS certificate errors will be ignored for this session
JavaScript error: , line 0: TypeError: ServiceWorker script at https://www.finishline.com/akam-sw.js for scope https://www.finishline.com/ encountered an error during installation.
1614385208756	Marionette	INFO	Stopped listening on port 65278

###!!! [Child][RunMessage] Error: Channel closing: too late to send/recv, messages will be lost

1614385209579	geckodriver	INFO	Listening on 127.0.0.1:65446
1614385212611	mozrunner::runner	INFO	Running command: "C:\\Program Files\\Mozilla Firefox\\firefox.exe" "--marionette" "-foreground" "-no-remote" "-profile" "C:\\Users\\HANYI_~1\\AppData\\Local\\Temp\\rust_mozprofileg5OML3"
console.warn: SearchSettings: "get: No settings file exists, new profile?" (new Error("", "(unknown module)"))
1614385214199	Marionette	INFO	Listening on port 65454
1614385214633	Marionette	WARN	TLS certificate errors will be ignored for this session
JavaScript error: , line 0: TypeError: ServiceWorker script at https://www.finishline.com/akam-sw.js for scope https://www.finishline.com/ encountered an error during installation.
1614385264900	Marionette	INFO	Stopped listening on port 65454

###!!! [Child][RunMessage] Error: Channel closing: too late to send/recv, messages will be lost

1614385265740	geckodriver	INFO	Listening on 127.0.0.1:49239
1614385268775	mozrunner::runner	INFO	Running command: "C:\\Program Files\\Mozilla Firefox\\firefox.exe" "--marionette" "-foreground" "-no-remote" "-profile" "C:\\Users\\HANYI_~1\\AppData\\Local\\Temp\\rust_mozprofile54Mhj3"
console.warn: SearchSettings: "get: No settings file exists, new profile?" (new Error("", "(unknown module)"))
1614385270312	Marionette	INFO	Listening on port 49247
1614385270793	Marionette	WARN	TLS certificate errors will be ignored for this session
JavaScript error: , line 0: TypeError: ServiceWorker script at https://www.finishline.com/akam-sw.js for scope https://www.finishline.com/ encountered an error during installation.
1614385319609	Marionette	INFO	Stopped listening on port 49247
1614385320406	geckodriver	INFO	Listening on 127.0.0.1:49410
1614385323442	mozrunner::runner	INFO	Running command: "C:\\Program Files\\Mozilla Firefox\\firefox.exe" "--marionette" "-foreground" "-no-remote" "-profile" "C:\\Users\\HANYI_~1\\AppData\\Local\\Temp\\rust_mozprofilem1fGW5"
console.warn: SearchSettings: "get: No settings file exists, new profile?" (new Error("", "(unknown module)"))
1614385325017	Marionette	INFO	Listening on port 49418
1614385325471	Marionette	WARN	TLS certificate errors will be ignored for this session
JavaScript error: , line 0: TypeError: ServiceWorker script at https://www.finishline.com/akam-sw.js for scope https://www.finishline.com/ encountered an error during installation.
1614385374308	Marionette	INFO	Stopped listening on port 49418

###!!! [Child][RunMessage] Error: Channel closing: too late to send/recv, messages will be lost

1614385375097	geckodriver	INFO	Listening on 127.0.0.1:49582
1614385378132	mozrunner::runner	INFO	Running command: "C:\\Program Files\\Mozilla Firefox\\firefox.exe" "--marionette" "-foreground" "-no-remote" "-profile" "C:\\Users\\HANYI_~1\\AppData\\Local\\Temp\\rust_mozprofileYNx2sf"
console.warn: SearchSettings: "get: No settings file exists, new profile?" (new Error("", "(unknown module)"))
1614385379865	Marionette	INFO	Listening on port 49590
1614385380156	Marionette	WARN	TLS certificate errors will be ignored for this session
JavaScript error: , line 0: TypeError: ServiceWorker script at https://www.finishline.com/akam-sw.js for scope https://www.finishline.com/ encountered an error during installation.
1614385428996	Marionette	INFO	Stopped listening on port 49590

###!!! [Child][RunMessage] Error: Channel closing: too late to send/recv, messages will be lost

1614385429760	geckodriver	INFO	Listening on 127.0.0.1:49813
1614385432774	mozrunner::runner	INFO	Running command: "C:\\Program Files\\Mozilla Firefox\\firefox.exe" "--marionette" "-foreground" "-no-remote" "-profile" "C:\\Users\\HANYI_~1\\AppData\\Local\\Temp\\rust_mozprofileCPs3jq"
console.warn: SearchSettings: "get: No settings file exists, new profile?" (new Error("", "(unknown module)"))
1614385434299	Marionette	INFO	Listening on port 49829
1614385434795	Marionette	WARN	TLS certificate errors will be ignored for this session
JavaScript error: , line 0: TypeError: ServiceWorker script at https://www.finishline.com/akam-sw.js for scope https://www.finishline.com/ encountered an error during installation.
1614385482888	Marionette	INFO	Stopped listening on port 49829
1614385483546	geckodriver	INFO	Listening on 127.0.0.1:50006
1614385486581	mozrunner::runner	INFO	Running command: "C:\\Program Files\\Mozilla Firefox\\firefox.exe" "--marionette" "-foreground" "-no-remote" "-profile" "C:\\Users\\HANYI_~1\\AppData\\Local\\Temp\\rust_mozprofileoDP5XV"
console.warn: SearchSettings: "get: No settings file exists, new profile?" (new Error("", "(unknown module)"))
1614385488103	Marionette	INFO	Listening on port 50015
1614385488612	Marionette	WARN	TLS certificate errors will be ignored for this session
1614385536809	Marionette	INFO	Stopped listening on port 50015
[Child 3568, IPC I/O Child] WARNING: pipe error: 232: file /builds/worker/checkouts/gecko/ipc/chromium/src/chrome/common/ipc_channel_win.cc:545

###!!! [Child][RunMessage] Error: Channel closing: too late to send/recv, messages will be lost

1614385537466	geckodriver	INFO	Listening on 127.0.0.1:50189
1614385540501	mozrunner::runner	INFO	Running command: "C:\\Program Files\\Mozilla Firefox\\firefox.exe" "--marionette" "-foreground" "-no-remote" "-profile" "C:\\Users\\HANYI_~1\\AppData\\Local\\Temp\\rust_mozprofileIo3giS"
console.warn: SearchSettings: "get: No settings file exists, new profile?" (new Error("", "(unknown module)"))
1614385542068	Marionette	INFO	Listening on port 50197
1614385542520	Marionette	WARN	TLS certificate errors will be ignored for this session
JavaScript error: , line 0: TypeError: ServiceWorker script at https://www.finishline.com/akam-sw.js for scope https://www.finishline.com/ encountered an error during installation.
1614385591536	Marionette	INFO	Stopped listening on port 50197
[Child 19396, IPC I/O Child] WARNING: pipe error: 232: file /builds/worker/checkouts/gecko/ipc/chromium/src/chrome/common/ipc_channel_win.cc:545
1614385592214	geckodriver	INFO	Listening on 127.0.0.1:50386
1614385595239	mozrunner::runner	INFO	Running command: "C:\\Program Files\\Mozilla Firefox\\firefox.exe" "--marionette" "-foreground" "-no-remote" "-profile" "C:\\Users\\HANYI_~1\\AppData\\Local\\Temp\\rust_mozprofileJSe9i7"
console.warn: SearchSettings: "get: No settings file exists, new profile?" (new Error("", "(unknown module)"))
1614385596748	Marionette	INFO	Listening on port 50394
1614385597259	Marionette	WARN	TLS certificate errors will be ignored for this session
JavaScript error: , line 0: TypeError: ServiceWorker script at https://www.finishline.com/akam-sw.js for scope https://www.finishline.com/ encountered an error during installation.
JavaScript error: , line 0: NS_ERROR_NOT_AVAILABLE
1614524329995	Marionette	INFO	Stopped listening on port 50394

###!!! [Child][RunMessage] Error: Channel closing: too late to send/recv, messages will be lost

 "C:\\Users\\HANYI_~1\\AppData\\Local\\Temp\\rust_mozprofilefwMKfy"
console.warn: SearchSettings: "get: No settings file exists, new profile?" (new Error("", "(unknown module)"))
1614385635105	Marionette	INFO	Listening on port 50567
1614385635586	Marionette	WARN	TLS certificate errors will be ignored for this session
JavaScript error: , line 0: TypeError: ServiceWorker script at https://www.finishline.com/akam-sw.js for scope https://www.finishline.com/ encountered an error during installation.
JavaScript error: , line 0: NS_ERROR_NOT_AVAILABLE
1614524326689	Marionette	INFO	Stopped listening on port 50567

###!!! [Child][RunMessage] Error: Channel closing: too late to send/recv, messages will be lost

 "C:\\Users\\HANYI_~1\\AppData\\Local\\Temp\\rust_mozprofilevS0nrL"
console.warn: SearchSettings: "get: No settings file exists, new profile?" (new Error("", "(unknown module)"))
1614385674443	Marionette	INFO	Listening on port 50737
1614385674550	Marionette	WARN	TLS certificate errors will be ignored for this session
JavaScript error: , line 0: TypeError: ServiceWorker script at https://www.finishline.com/akam-sw.js for scope https://www.finishline.com/ encountered an error during installation.
JavaScript error: , line 0: NS_ERROR_NOT_AVAILABLE
1614524324274	Marionette	INFO	Stopped listening on port 50737
C:\\Program Files\\Mozilla Firefox\\firefox.exe" "--marionette" "-foreground" "-no-remote" "-profile" "C:\\Users\\HANYI_~1\\AppData\\Local\\Temp\\rust_mozprofileW98SOw"
console.warn: SearchSettings: "get: No settings file exists, new profile?" (new Error("", "(unknown module)"))
1614385712690	Marionette	INFO	Listening on port 50935
1614385713024	Marionette	WARN	TLS certificate errors will be ignored for this session
JavaScript error: , line 0: TypeError: ServiceWorker script at https://www.finishline.com/akam-sw.js for scope https://www.finishline.com/ encountered an error during installation.
JavaScript error: , line 0: NS_ERROR_NOT_AVAILABLE
1614524325010	Marionette	INFO	Stopped listening on port 50935
C:\\Program Files\\Mozilla Firefox\\firefox.exe" "--marionette" "-foreground" "-no-remote" "-profile" "C:\\Users\\HANYI_~1\\AppData\\Local\\Temp\\rust_mozprofile2RBmBo"
console.warn: SearchSettings: "get: No settings file exists, new profile?" (new Error("", "(unknown module)"))
1614385750967	Marionette	INFO	Listening on port 51101
1614385751394	Marionette	WARN	TLS certificate errors will be ignored for this session
JavaScript error: , line 0: TypeError: ServiceWorker script at https://www.finishline.com/akam-sw.js for scope https://www.finishline.com/ encountered an error during installation.
JavaScript error: , line 0: NS_ERROR_NOT_AVAILABLE
1614524325418	Marionette	INFO	Stopped listening on port 51101

###!!! [Child][RunMessage] Error: Channel closing: too late to send/recv, messages will be lost

 "C:\\Users\\HANYI_~1\\AppData\\Local\\Temp\\rust_mozprofileZtHe8I"
console.warn: SearchSettings: "get: No settings file exists, new profile?" (new Error("", "(unknown module)"))
1614385791265	Marionette	INFO	Listening on port 51268
1614385791581	Marionette	WARN	TLS certificate errors will be ignored for this session
JavaScript error: , line 0: TypeError: ServiceWorker script at https://www.finishline.com/akam-sw.js for scope https://www.finishline.com/ encountered an error during installation.
1614385839365	Marionette	INFO	Stopped listening on port 51268

###!!! [Child][RunMessage] Error: Channel closing: too late to send/recv, messages will be lost

1614394182051	geckodriver	INFO	Listening on 127.0.0.1:53817
1614394185076	mozrunner::runner	INFO	Running command: "C:\\Program Files\\Mozilla Firefox\\firefox.exe" "--marionette" "-foreground" "-no-remote" "-profile" "C:\\Users\\HANYI_~1\\AppData\\Local\\Temp\\rust_mozprofileilM2NP"
console.warn: SearchSettings: "get: No settings file exists, new profile?" (new Error("", "(unknown module)"))
1614394186866	Marionette	INFO	Listening on port 53826
1614394187376	Marionette	WARN	TLS certificate errors will be ignored for this session
JavaScript error: , line 0: NS_ERROR_NOT_AVAILABLE
1614524334435	Marionette	INFO	Stopped listening on port 53826

###!!! [Child][RunMessage] Error: Channel closing: too late to send/recv, messages will be lost

 "C:\\Users\\HANYI_~1\\AppData\\Local\\Temp\\rust_mozprofileNxOXCL"
console.warn: SearchSettings: "get: No settings file exists, new profile?" (new Error("", "(unknown module)"))
1614395233400	Marionette	INFO	Listening on port 54082
1614395233598	Marionette	WARN	TLS certificate errors will be ignored for this session
JavaScript error: , line 0: NS_ERROR_NOT_AVAILABLE
1614524335576	Marionette	INFO	Stopped listening on port 54082
